[2025-11-13 11:13:24] security_violation: Potential security violation detected (User: d5babc6bd2089bcab5496aaf7dcba60d7315c2dec0f3da1fe85262f9654acac7, IP: ::1)
[2025-11-13 11:13:24] dev_tools_detected: Developer tools detected open (User: d5babc6bd2089bcab5496aaf7dcba60d7315c2dec0f3da1fe85262f9654acac7, IP: ::1)
[2025-11-13 11:13:25] dev_tools_detected: Developer tools detected open (User: d5babc6bd2089bcab5496aaf7dcba60d7315c2dec0f3da1fe85262f9654acac7, IP: ::1)
[2025-11-13 11:13:25] security_violation: Potential security violation detected (User: d5babc6bd2089bcab5496aaf7dcba60d7315c2dec0f3da1fe85262f9654acac7, IP: ::1)
[2025-11-13 11:13:26] dev_tools_detected: Developer tools detected open (User: d5babc6bd2089bcab5496aaf7dcba60d7315c2dec0f3da1fe85262f9654acac7, IP: ::1)
[2025-11-13 11:13:26] security_violation: Potential security violation detected (User: d5babc6bd2089bcab5496aaf7dcba60d7315c2dec0f3da1fe85262f9654acac7, IP: ::1)
[2025-11-13 11:13:27] dev_tools_detected: Developer tools detected open (User: d5babc6bd2089bcab5496aaf7dcba60d7315c2dec0f3da1fe85262f9654acac7, IP: ::1)
[2025-11-13 11:13:27] security_violation: Potential security violation detected (User: d5babc6bd2089bcab5496aaf7dcba60d7315c2dec0f3da1fe85262f9654acac7, IP: ::1)
[2025-11-13 11:13:28] dev_tools_detected: Developer tools detected open (User: d5babc6bd2089bcab5496aaf7dcba60d7315c2dec0f3da1fe85262f9654acac7, IP: ::1)
[2025-11-13 11:13:28] security_violation: Potential security violation detected (User: d5babc6bd2089bcab5496aaf7dcba60d7315c2dec0f3da1fe85262f9654acac7, IP: ::1)
[2025-11-13 11:13:29] dev_tools_detected: Developer tools detected open (User: d5babc6bd2089bcab5496aaf7dcba60d7315c2dec0f3da1fe85262f9654acac7, IP: ::1)
[2025-11-13 11:13:29] security_violation: Potential security violation detected (User: d5babc6bd2089bcab5496aaf7dcba60d7315c2dec0f3da1fe85262f9654acac7, IP: ::1)
[2025-11-13 11:13:30] dev_tools_detected: Developer tools detected open (User: d5babc6bd2089bcab5496aaf7dcba60d7315c2dec0f3da1fe85262f9654acac7, IP: ::1)
[2025-11-13 11:13:30] security_violation: Potential security violation detected (User: d5babc6bd2089bcab5496aaf7dcba60d7315c2dec0f3da1fe85262f9654acac7, IP: ::1)
[2025-11-13 11:13:31] dev_tools_detected: Developer tools detected open (User: d5babc6bd2089bcab5496aaf7dcba60d7315c2dec0f3da1fe85262f9654acac7, IP: ::1)
[2025-11-13 11:13:31] security_violation: Potential security violation detected (User: d5babc6bd2089bcab5496aaf7dcba60d7315c2dec0f3da1fe85262f9654acac7, IP: ::1)
[2025-11-13 11:13:32] dev_tools_detected: Developer tools detected open (User: d5babc6bd2089bcab5496aaf7dcba60d7315c2dec0f3da1fe85262f9654acac7, IP: ::1)
[2025-11-13 11:13:32] security_violation: Potential security violation detected (User: d5babc6bd2089bcab5496aaf7dcba60d7315c2dec0f3da1fe85262f9654acac7, IP: ::1)
[2025-11-13 11:13:33] dev_tools_detected: Developer tools detected open (User: d5babc6bd2089bcab5496aaf7dcba60d7315c2dec0f3da1fe85262f9654acac7, IP: ::1)
[2025-11-13 11:13:33] security_violation: Potential security violation detected (User: d5babc6bd2089bcab5496aaf7dcba60d7315c2dec0f3da1fe85262f9654acac7, IP: ::1)
[2025-11-13 11:13:34] dev_tools_detected: Developer tools detected open (User: d5babc6bd2089bcab5496aaf7dcba60d7315c2dec0f3da1fe85262f9654acac7, IP: ::1)
[2025-11-13 11:13:34] security_violation: Potential security violation detected (User: d5babc6bd2089bcab5496aaf7dcba60d7315c2dec0f3da1fe85262f9654acac7, IP: ::1)
[2025-11-13 11:13:35] dev_tools_detected: Developer tools detected open (User: d5babc6bd2089bcab5496aaf7dcba60d7315c2dec0f3da1fe85262f9654acac7, IP: ::1)
[2025-11-13 11:13:35] security_violation: Potential security violation detected (User: d5babc6bd2089bcab5496aaf7dcba60d7315c2dec0f3da1fe85262f9654acac7, IP: ::1)
[2025-11-13 11:13:35] dev_tools_detected: Developer tools detected open (User: d5babc6bd2089bcab5496aaf7dcba60d7315c2dec0f3da1fe85262f9654acac7, IP: ::1)
[2025-11-13 11:13:36] security_violation: Potential security violation detected (User: d5babc6bd2089bcab5496aaf7dcba60d7315c2dec0f3da1fe85262f9654acac7, IP: ::1)
[2025-11-13 11:13:36] dev_tools_detected: Developer tools detected open (User: d5babc6bd2089bcab5496aaf7dcba60d7315c2dec0f3da1fe85262f9654acac7, IP: ::1)
[2025-11-13 11:13:37] security_violation: Potential security violation detected (User: d5babc6bd2089bcab5496aaf7dcba60d7315c2dec0f3da1fe85262f9654acac7, IP: ::1)
[2025-11-13 11:13:38] dev_tools_detected: Developer tools detected open (User: d5babc6bd2089bcab5496aaf7dcba60d7315c2dec0f3da1fe85262f9654acac7, IP: ::1)
[2025-11-13 11:13:38] security_violation: Potential security violation detected (User: d5babc6bd2089bcab5496aaf7dcba60d7315c2dec0f3da1fe85262f9654acac7, IP: ::1)
[2025-11-13 11:13:39] dev_tools_detected: Developer tools detected open (User: d5babc6bd2089bcab5496aaf7dcba60d7315c2dec0f3da1fe85262f9654acac7, IP: ::1)
[2025-11-13 11:13:39] security_violation: Potential security violation detected (User: d5babc6bd2089bcab5496aaf7dcba60d7315c2dec0f3da1fe85262f9654acac7, IP: ::1)
[2025-11-13 11:13:40] dev_tools_detected: Developer tools detected open (User: d5babc6bd2089bcab5496aaf7dcba60d7315c2dec0f3da1fe85262f9654acac7, IP: ::1)
[2025-11-13 11:13:40] security_violation: Potential security violation detected (User: d5babc6bd2089bcab5496aaf7dcba60d7315c2dec0f3da1fe85262f9654acac7, IP: ::1)
[2025-11-13 11:13:41] dev_tools_detected: Developer tools detected open (User: d5babc6bd2089bcab5496aaf7dcba60d7315c2dec0f3da1fe85262f9654acac7, IP: ::1)
[2025-11-13 11:13:41] security_violation: Potential security violation detected (User: d5babc6bd2089bcab5496aaf7dcba60d7315c2dec0f3da1fe85262f9654acac7, IP: ::1)
[2025-11-13 11:13:41] dev_tools_detected: Developer tools detected open (User: d5babc6bd2089bcab5496aaf7dcba60d7315c2dec0f3da1fe85262f9654acac7, IP: ::1)
[2025-11-13 11:13:41] security_violation: Potential security violation detected (User: d5babc6bd2089bcab5496aaf7dcba60d7315c2dec0f3da1fe85262f9654acac7, IP: ::1)
[2025-11-13 11:13:43] dev_tools_detected: Developer tools detected open (User: d5babc6bd2089bcab5496aaf7dcba60d7315c2dec0f3da1fe85262f9654acac7, IP: ::1)
[2025-11-13 11:13:43] security_violation: Potential security violation detected (User: d5babc6bd2089bcab5496aaf7dcba60d7315c2dec0f3da1fe85262f9654acac7, IP: ::1)
[2025-11-13 11:13:44] dev_tools_detected: Developer tools detected open (User: d5babc6bd2089bcab5496aaf7dcba60d7315c2dec0f3da1fe85262f9654acac7, IP: ::1)
[2025-11-13 11:13:44] security_violation: Potential security violation detected (User: d5babc6bd2089bcab5496aaf7dcba60d7315c2dec0f3da1fe85262f9654acac7, IP: ::1)
[2025-11-13 11:13:45] dev_tools_detected: Developer tools detected open (User: d5babc6bd2089bcab5496aaf7dcba60d7315c2dec0f3da1fe85262f9654acac7, IP: ::1)
[2025-11-13 11:13:45] security_violation: Potential security violation detected (User: d5babc6bd2089bcab5496aaf7dcba60d7315c2dec0f3da1fe85262f9654acac7, IP: ::1)
[2025-11-13 11:13:46] dev_tools_detected: Developer tools detected open (User: d5babc6bd2089bcab5496aaf7dcba60d7315c2dec0f3da1fe85262f9654acac7, IP: ::1)
[2025-11-13 11:13:46] security_violation: Potential security violation detected (User: d5babc6bd2089bcab5496aaf7dcba60d7315c2dec0f3da1fe85262f9654acac7, IP: ::1)
[2025-11-13 11:13:47] dev_tools_detected: Developer tools detected open (User: d5babc6bd2089bcab5496aaf7dcba60d7315c2dec0f3da1fe85262f9654acac7, IP: ::1)
[2025-11-13 11:13:47] security_violation: Potential security violation detected (User: d5babc6bd2089bcab5496aaf7dcba60d7315c2dec0f3da1fe85262f9654acac7, IP: ::1)
[2025-11-13 11:13:47] dev_tools_detected: Developer tools detected open (User: d5babc6bd2089bcab5496aaf7dcba60d7315c2dec0f3da1fe85262f9654acac7, IP: ::1)
[2025-11-13 11:13:47] security_violation: Potential security violation detected (User: d5babc6bd2089bcab5496aaf7dcba60d7315c2dec0f3da1fe85262f9654acac7, IP: ::1)
[2025-11-13 11:13:48] dev_tools_detected: Developer tools detected open (User: d5babc6bd2089bcab5496aaf7dcba60d7315c2dec0f3da1fe85262f9654acac7, IP: ::1)
[2025-11-13 11:13:48] security_violation: Potential security violation detected (User: d5babc6bd2089bcab5496aaf7dcba60d7315c2dec0f3da1fe85262f9654acac7, IP: ::1)
[2025-11-13 11:13:50] dev_tools_detected: Developer tools detected open (User: d5babc6bd2089bcab5496aaf7dcba60d7315c2dec0f3da1fe85262f9654acac7, IP: ::1)
[2025-11-13 11:13:50] security_violation: Potential security violation detected (User: d5babc6bd2089bcab5496aaf7dcba60d7315c2dec0f3da1fe85262f9654acac7, IP: ::1)
[2025-11-13 11:13:51] dev_tools_detected: Developer tools detected open (User: d5babc6bd2089bcab5496aaf7dcba60d7315c2dec0f3da1fe85262f9654acac7, IP: ::1)
[2025-11-13 11:13:51] security_violation: Potential security violation detected (User: d5babc6bd2089bcab5496aaf7dcba60d7315c2dec0f3da1fe85262f9654acac7, IP: ::1)
[2025-11-13 11:13:52] dev_tools_detected: Developer tools detected open (User: d5babc6bd2089bcab5496aaf7dcba60d7315c2dec0f3da1fe85262f9654acac7, IP: ::1)
[2025-11-13 11:13:52] security_violation: Potential security violation detected (User: d5babc6bd2089bcab5496aaf7dcba60d7315c2dec0f3da1fe85262f9654acac7, IP: ::1)
[2025-11-13 11:13:53] security_violation: Potential security violation detected (User: d5babc6bd2089bcab5496aaf7dcba60d7315c2dec0f3da1fe85262f9654acac7, IP: ::1)
[2025-11-13 11:13:53] dev_tools_detected: Developer tools detected open (User: d5babc6bd2089bcab5496aaf7dcba60d7315c2dec0f3da1fe85262f9654acac7, IP: ::1)
[2025-11-13 11:13:54] dev_tools_detected: Developer tools detected open (User: d5babc6bd2089bcab5496aaf7dcba60d7315c2dec0f3da1fe85262f9654acac7, IP: ::1)
[2025-11-13 11:13:54] security_violation: Potential security violation detected (User: d5babc6bd2089bcab5496aaf7dcba60d7315c2dec0f3da1fe85262f9654acac7, IP: ::1)
[2025-11-13 11:13:55] dev_tools_detected: Developer tools detected open (User: d5babc6bd2089bcab5496aaf7dcba60d7315c2dec0f3da1fe85262f9654acac7, IP: ::1)
[2025-11-13 11:13:55] security_violation: Potential security violation detected (User: d5babc6bd2089bcab5496aaf7dcba60d7315c2dec0f3da1fe85262f9654acac7, IP: ::1)
[2025-11-13 11:13:56] dev_tools_detected: Developer tools detected open (User: d5babc6bd2089bcab5496aaf7dcba60d7315c2dec0f3da1fe85262f9654acac7, IP: ::1)
[2025-11-13 11:13:56] security_violation: Potential security violation detected (User: d5babc6bd2089bcab5496aaf7dcba60d7315c2dec0f3da1fe85262f9654acac7, IP: ::1)
[2025-11-13 11:13:57] dev_tools_detected: Developer tools detected open (User: d5babc6bd2089bcab5496aaf7dcba60d7315c2dec0f3da1fe85262f9654acac7, IP: ::1)
[2025-11-13 11:13:57] security_violation: Potential security violation detected (User: d5babc6bd2089bcab5496aaf7dcba60d7315c2dec0f3da1fe85262f9654acac7, IP: ::1)
[2025-11-13 11:13:58] dev_tools_detected: Developer tools detected open (User: d5babc6bd2089bcab5496aaf7dcba60d7315c2dec0f3da1fe85262f9654acac7, IP: ::1)
[2025-11-13 11:13:58] security_violation: Potential security violation detected (User: d5babc6bd2089bcab5496aaf7dcba60d7315c2dec0f3da1fe85262f9654acac7, IP: ::1)
[2025-11-13 11:13:59] dev_tools_detected: Developer tools detected open (User: d5babc6bd2089bcab5496aaf7dcba60d7315c2dec0f3da1fe85262f9654acac7, IP: ::1)
[2025-11-13 11:13:59] security_violation: Potential security violation detected (User: d5babc6bd2089bcab5496aaf7dcba60d7315c2dec0f3da1fe85262f9654acac7, IP: ::1)
[2025-11-13 11:14:00] dev_tools_detected: Developer tools detected open (User: d5babc6bd2089bcab5496aaf7dcba60d7315c2dec0f3da1fe85262f9654acac7, IP: ::1)
[2025-11-13 11:14:00] security_violation: Potential security violation detected (User: d5babc6bd2089bcab5496aaf7dcba60d7315c2dec0f3da1fe85262f9654acac7, IP: ::1)
[2025-11-13 11:14:03] dev_tools_detected: Developer tools detected open (User: d5babc6bd2089bcab5496aaf7dcba60d7315c2dec0f3da1fe85262f9654acac7, IP: ::1)
[2025-11-13 11:14:03] security_violation: Potential security violation detected (User: d5babc6bd2089bcab5496aaf7dcba60d7315c2dec0f3da1fe85262f9654acac7, IP: ::1)
[2025-11-13 11:14:03] security_violation: Potential security violation detected (User: d5babc6bd2089bcab5496aaf7dcba60d7315c2dec0f3da1fe85262f9654acac7, IP: ::1)
[2025-11-13 11:14:03] dev_tools_detected: Developer tools detected open (User: d5babc6bd2089bcab5496aaf7dcba60d7315c2dec0f3da1fe85262f9654acac7, IP: ::1)
[2025-11-13 11:14:03] dev_tools_detected: Developer tools detected open (User: d5babc6bd2089bcab5496aaf7dcba60d7315c2dec0f3da1fe85262f9654acac7, IP: ::1)
[2025-11-13 11:14:03] security_violation: Potential security violation detected (User: d5babc6bd2089bcab5496aaf7dcba60d7315c2dec0f3da1fe85262f9654acac7, IP: ::1)
[2025-11-13 11:14:04] dev_tools_detected: Developer tools detected open (User: d5babc6bd2089bcab5496aaf7dcba60d7315c2dec0f3da1fe85262f9654acac7, IP: ::1)
[2025-11-13 11:14:04] security_violation: Potential security violation detected (User: d5babc6bd2089bcab5496aaf7dcba60d7315c2dec0f3da1fe85262f9654acac7, IP: ::1)
[2025-11-13 11:14:05] dev_tools_detected: Developer tools detected open (User: d5babc6bd2089bcab5496aaf7dcba60d7315c2dec0f3da1fe85262f9654acac7, IP: ::1)
[2025-11-13 11:14:05] security_violation: Potential security violation detected (User: d5babc6bd2089bcab5496aaf7dcba60d7315c2dec0f3da1fe85262f9654acac7, IP: ::1)
[2025-11-13 11:14:06] dev_tools_detected: Developer tools detected open (User: d5babc6bd2089bcab5496aaf7dcba60d7315c2dec0f3da1fe85262f9654acac7, IP: ::1)
[2025-11-13 11:14:06] security_violation: Potential security violation detected (User: d5babc6bd2089bcab5496aaf7dcba60d7315c2dec0f3da1fe85262f9654acac7, IP: ::1)
[2025-11-13 11:14:07] dev_tools_detected: Developer tools detected open (User: d5babc6bd2089bcab5496aaf7dcba60d7315c2dec0f3da1fe85262f9654acac7, IP: ::1)
[2025-11-13 11:14:07] security_violation: Potential security violation detected (User: d5babc6bd2089bcab5496aaf7dcba60d7315c2dec0f3da1fe85262f9654acac7, IP: ::1)
[2025-11-13 11:14:08] dev_tools_detected: Developer tools detected open (User: d5babc6bd2089bcab5496aaf7dcba60d7315c2dec0f3da1fe85262f9654acac7, IP: ::1)
[2025-11-13 11:14:08] security_violation: Potential security violation detected (User: d5babc6bd2089bcab5496aaf7dcba60d7315c2dec0f3da1fe85262f9654acac7, IP: ::1)
[2025-11-13 11:14:09] dev_tools_detected: Developer tools detected open (User: d5babc6bd2089bcab5496aaf7dcba60d7315c2dec0f3da1fe85262f9654acac7, IP: ::1)
[2025-11-13 11:14:09] security_violation: Potential security violation detected (User: d5babc6bd2089bcab5496aaf7dcba60d7315c2dec0f3da1fe85262f9654acac7, IP: ::1)
[2025-11-13 11:14:10] dev_tools_detected: Developer tools detected open (User: d5babc6bd2089bcab5496aaf7dcba60d7315c2dec0f3da1fe85262f9654acac7, IP: ::1)
[2025-11-13 11:14:10] security_violation: Potential security violation detected (User: d5babc6bd2089bcab5496aaf7dcba60d7315c2dec0f3da1fe85262f9654acac7, IP: ::1)
[2025-11-13 11:21:24] dev_tools_blocked: Developer tools access attempted (User: d5babc6bd2089bcab5496aaf7dcba60d7315c2dec0f3da1fe85262f9654acac7, IP: ::1)
[2025-11-13 11:21:24] dev_tools_blocked: Developer tools access attempted (User: d5babc6bd2089bcab5496aaf7dcba60d7315c2dec0f3da1fe85262f9654acac7, IP: ::1)
[2025-11-13 11:49:31] unknown: Admin dashboard locked due to inactivity (User: d5babc6bd2089bcab5496aaf7dcba60d7315c2dec0f3da1fe85262f9654acac7, IP: ::1)
[2025-11-13 12:03:21] unknown: Admin session terminated due to failed re-authentication (User: d5babc6bd2089bcab5496aaf7dcba60d7315c2dec0f3da1fe85262f9654acac7, IP: ::1)
[2025-11-13 12:26:31] unknown: Admin dashboard locked due to inactivity (User: d5babc6bd2089bcab5496aaf7dcba60d7315c2dec0f3da1fe85262f9654acac7, IP: ::1)
[2025-11-13 12:31:59] unknown: Admin dashboard unlocked after re-authentication (User: d5babc6bd2089bcab5496aaf7dcba60d7315c2dec0f3da1fe85262f9654acac7, IP: ::1)
[2025-11-13 13:18:31] unknown: Admin dashboard locked due to inactivity (User: d5babc6bd2089bcab5496aaf7dcba60d7315c2dec0f3da1fe85262f9654acac7, IP: ::1)
[2025-11-13 13:19:59] unknown: Admin dashboard unlocked after re-authentication (User: d5babc6bd2089bcab5496aaf7dcba60d7315c2dec0f3da1fe85262f9654acac7, IP: ::1)
[2025-11-13 13:31:31] unknown: Admin dashboard locked due to inactivity (User: d5babc6bd2089bcab5496aaf7dcba60d7315c2dec0f3da1fe85262f9654acac7, IP: ::1)
[2025-11-13 13:48:53] unknown: Admin dashboard unlocked after re-authentication (User: d5babc6bd2089bcab5496aaf7dcba60d7315c2dec0f3da1fe85262f9654acac7, IP: ::1)
[2025-11-13 14:12:31] unknown: Admin dashboard locked due to inactivity (User: d5babc6bd2089bcab5496aaf7dcba60d7315c2dec0f3da1fe85262f9654acac7, IP: ::1)
[2025-11-13 14:14:01] unknown: Admin dashboard unlocked after re-authentication (User: d5babc6bd2089bcab5496aaf7dcba60d7315c2dec0f3da1fe85262f9654acac7, IP: ::1)
[2025-11-13 16:11:31] unknown: Admin dashboard locked due to inactivity (User: unknown, IP: ::1)
[2025-11-13 16:17:13] unknown: Admin session terminated due to failed re-authentication (User: unknown, IP: ::1)
